-------------------------------------------------------------------------------
Test set: TestSuite
-------------------------------------------------------------------------------
Tests run: 6, Failures: 1, Errors: 0, Skipped: 0, Time elapsed: 157.448 s <<< FAILURE! - in TestSuite
loginLogOut(testcases.CreateNewDO)  Time elapsed: 51.649 s  <<< FAILURE!
java.lang.RuntimeException: FAILED
	at testcases.CreateNewDO.loginLogOut(CreateNewDO.java:45)

